Using pre-set license
Built from '2022.3/staging' branch; Version is '2022.3.23f1 (dbb3f7c5b5c6) revision 14398455'; Using compiler version '192829333'; Build Type 'Release'
OS: 'Windows 10  (10.0.19045) 64bit CoreSingleLanguage' Language: 'es' Physical Memory: 6058 MB
BatchMode: 1, IsHumanControllingUs: 0, StartBugReporterOnCrash: 0, Is64bit: 1, IsPro: 1

COMMAND LINE ARGUMENTS:
C:\Program Files\Unity\Hub\Editor\2022.3.23f1\Editor\Unity.exe
-adb2
-batchMode
-noUpm
-name
AssetImportWorker0
-projectPath
C:/Users/esteb/GitHub/Videojuego/Mundo
-logFile
Logs/AssetImportWorker0.log
-srvPort
59667
Successfully changed project path to: C:/Users/esteb/GitHub/Videojuego/Mundo
C:/Users/esteb/GitHub/Videojuego/Mundo
[UnityMemory] Configuration Parameters - Can be set up in boot.config
    "memorysetup-bucket-allocator-granularity=16"
    "memorysetup-bucket-allocator-bucket-count=8"
    "memorysetup-bucket-allocator-block-size=33554432"
    "memorysetup-bucket-allocator-block-count=8"
    "memorysetup-main-allocator-block-size=16777216"
    "memorysetup-thread-allocator-block-size=16777216"
    "memorysetup-gfx-main-allocator-block-size=16777216"
    "memorysetup-gfx-thread-allocator-block-size=16777216"
    "memorysetup-cache-allocator-block-size=4194304"
    "memorysetup-typetree-allocator-block-size=2097152"
    "memorysetup-profiler-bucket-allocator-granularity=16"
    "memorysetup-profiler-bucket-allocator-bucket-count=8"
    "memorysetup-profiler-bucket-allocator-block-size=33554432"
    "memorysetup-profiler-bucket-allocator-block-count=8"
    "memorysetup-profiler-allocator-block-size=16777216"
    "memorysetup-profiler-editor-allocator-block-size=1048576"
    "memorysetup-temp-allocator-size-main=16777216"
    "memorysetup-job-temp-allocator-block-size=2097152"
    "memorysetup-job-temp-allocator-block-size-background=1048576"
    "memorysetup-job-temp-allocator-reduction-small-platforms=262144"
    "memorysetup-allocator-temp-initial-block-size-main=262144"
    "memorysetup-allocator-temp-initial-block-size-worker=262144"
    "memorysetup-temp-allocator-size-background-worker=32768"
    "memorysetup-temp-allocator-size-job-worker=262144"
    "memorysetup-temp-allocator-size-preload-manager=33554432"
    "memorysetup-temp-allocator-size-nav-mesh-worker=65536"
    "memorysetup-temp-allocator-size-audio-worker=65536"
    "memorysetup-temp-allocator-size-cloud-worker=32768"
    "memorysetup-temp-allocator-size-gi-baking-worker=262144"
    "memorysetup-temp-allocator-size-gfx=262144"
Player connection [8000] Host "[IP] 192.168.1.6 [Port] 0 [Flags] 2 [Guid] 262323342 [EditorId] 262323342 [Version] 1048832 [Id] WindowsEditor(7,DESKTOP-DSVJ4RA) [Debug] 1 [PackageName] WindowsEditor [ProjectName] Editor" joined multi-casting on [225.0.0.222:54997]...

Player connection [8000] Host "[IP] 192.168.1.6 [Port] 0 [Flags] 2 [Guid] 262323342 [EditorId] 262323342 [Version] 1048832 [Id] WindowsEditor(7,DESKTOP-DSVJ4RA) [Debug] 1 [PackageName] WindowsEditor [ProjectName] Editor" joined alternative multi-casting on [225.0.0.222:34997]...

[Physics::Module] Initialized MultithreadedJobDispatcher with 3 workers.
Refreshing native plugins compatible for Editor in 26.07 ms, found 3 plugins.
Preloading 0 native plugins for Editor in 0.00 ms.
Initialize engine version: 2022.3.23f1 (dbb3f7c5b5c6)
[Subsystems] Discovering subsystems at path C:/Program Files/Unity/Hub/Editor/2022.3.23f1/Editor/Data/Resources/UnitySubsystems
[Subsystems] Discovering subsystems at path C:/Users/esteb/GitHub/Videojuego/Mundo/Assets
GfxDevice: creating device client; threaded=0; jobified=0
Direct3D:
    Version:  Direct3D 11.0 [level 11.1]
    Renderer: AMD Radeon(TM) Vega 3 Graphics (ID=0x15d8)
    Vendor:   ATI
    VRAM:     3029 MB
    Driver:   31.0.12027.9001
Initialize mono
Mono path[0] = 'C:/Program Files/Unity/Hub/Editor/2022.3.23f1/Editor/Data/Managed'
Mono path[1] = 'C:/Program Files/Unity/Hub/Editor/2022.3.23f1/Editor/Data/MonoBleedingEdge/lib/mono/unityjit-win32'
Mono config path = 'C:/Program Files/Unity/Hub/Editor/2022.3.23f1/Editor/Data/MonoBleedingEdge/etc'
Using monoOptions --debugger-agent=transport=dt_socket,embedding=1,server=y,suspend=n,address=127.0.0.1:56748
Begin MonoManager ReloadAssembly
Registering precompiled unity dll's ...
Register platform support module: C:/Program Files/Unity/Hub/Editor/2022.3.23f1/Editor/Data/PlaybackEngines/WebGLSupport/UnityEditor.WebGL.Extensions.dll
Register platform support module: C:/Program Files/Unity/Hub/Editor/2022.3.23f1/Editor/Data/PlaybackEngines/WindowsStandaloneSupport/UnityEditor.WindowsStandalone.Extensions.dll
Registered in 0.032061 seconds.
- Loaded All Assemblies, in  1.198 seconds
Native extension for WindowsStandalone target not found
Native extension for WebGL target not found
Mono: successfully reloaded assembly
- Finished resetting the current domain, in  0.954 seconds
Domain Reload Profiling: 2147ms
	BeginReloadAssembly (359ms)
		ExecutionOrderSort (0ms)
		DisableScriptedObjects (0ms)
		BackupInstance (0ms)
		ReleaseScriptingObjects (0ms)
		CreateAndSetChildDomain (4ms)
	RebuildCommonClasses (118ms)
	RebuildNativeTypeToScriptingClass (33ms)
	initialDomainReloadingComplete (210ms)
	LoadAllAssembliesAndSetupDomain (472ms)
		LoadAssemblies (350ms)
		RebuildTransferFunctionScriptingTraits (0ms)
		AnalyzeDomain (465ms)
			TypeCache.Refresh (461ms)
				TypeCache.ScanAssembly (422ms)
			ScanForSourceGeneratedMonoScriptInfo (1ms)
			ResolveRequiredComponents (1ms)
	FinalizeReload (956ms)
		ReleaseScriptCaches (0ms)
		RebuildScriptCaches (0ms)
		SetupLoadedEditorAssemblies (768ms)
			LogAssemblyErrors (0ms)
			InitializePlatformSupportModulesInManaged (40ms)
			SetLoadedEditorAssemblies (18ms)
			RefreshPlugins (0ms)
			BeforeProcessingInitializeOnLoad (8ms)
			ProcessInitializeOnLoadAttributes (543ms)
			ProcessInitializeOnLoadMethodAttributes (158ms)
			AfterProcessingInitializeOnLoad (0ms)
			EditorAssembliesLoaded (0ms)
		ExecutionOrderSort2 (0ms)
		AwakeInstancesAfterBackupRestoration (0ms)
========================================================================
Worker process is ready to serve import requests
Begin MonoManager ReloadAssembly
- Loaded All Assemblies, in  2.759 seconds
Refreshing native plugins compatible for Editor in 13.08 ms, found 3 plugins.
Native extension for WindowsStandalone target not found
Native extension for WebGL target not found
Package Manager log level set to [2]
[Package Manager] Server::EnsureServerProcessIsRunning -- launch failed, reason: Unity was launched with the -noUpm command-line argument
[Package Manager] UpmClient::Send -- Unable to send message (not connected to UPM process).
[Package Manager] Cannot connect to Unity Package Manager local server
Mono: successfully reloaded assembly
- Finished resetting the current domain, in  2.375 seconds
Domain Reload Profiling: 5124ms
	BeginReloadAssembly (479ms)
		ExecutionOrderSort (0ms)
		DisableScriptedObjects (20ms)
		BackupInstance (0ms)
		ReleaseScriptingObjects (1ms)
		CreateAndSetChildDomain (70ms)
	RebuildCommonClasses (117ms)
	RebuildNativeTypeToScriptingClass (31ms)
	initialDomainReloadingComplete (135ms)
	LoadAllAssembliesAndSetupDomain (1985ms)
		LoadAssemblies (1136ms)
		RebuildTransferFunctionScriptingTraits (0ms)
		AnalyzeDomain (1116ms)
			TypeCache.Refresh (851ms)
				TypeCache.ScanAssembly (798ms)
			ScanForSourceGeneratedMonoScriptInfo (236ms)
			ResolveRequiredComponents (25ms)
	FinalizeReload (2376ms)
		ReleaseScriptCaches (0ms)
		RebuildScriptCaches (0ms)
		SetupLoadedEditorAssemblies (1715ms)
			LogAssemblyErrors (0ms)
			InitializePlatformSupportModulesInManaged (27ms)
			SetLoadedEditorAssemblies (15ms)
			RefreshPlugins (0ms)
			BeforeProcessingInitializeOnLoad (211ms)
			ProcessInitializeOnLoadAttributes (1349ms)
			ProcessInitializeOnLoadMethodAttributes (54ms)
			AfterProcessingInitializeOnLoad (58ms)
			EditorAssembliesLoaded (2ms)
		ExecutionOrderSort2 (0ms)
		AwakeInstancesAfterBackupRestoration (42ms)
Shader 'VRM10/Universal Render Pipeline/MToon10': fallback shader 'Hidden/Universal Render Pipeline/FallbackError' not found
Shader 'VRM10/Universal Render Pipeline/MToon10': fallback shader 'Hidden/Universal Render Pipeline/FallbackError' not found
Launched and connected shader compiler UnityShaderCompiler.exe after 0.09 seconds
Refreshing native plugins compatible for Editor in 8.21 ms, found 3 plugins.
Preloading 0 native plugins for Editor in 0.00 ms.
Unloading 3825 Unused Serialized files (Serialized files now loaded: 0)
Unloading 38 unused Assets / (183.2 KB). Loaded Objects now: 4311.
Memory consumption went from 155.9 MB to 155.8 MB.
Total: 13.257100 ms (FindLiveObjects: 0.809900 ms CreateObjectMapping: 3.223400 ms MarkObjects: 8.500200 ms  DeleteObjects: 0.720800 ms)

AssetImportParameters requested are different than current active one (requested -> active):
  custom:container-demuxer-ogg: 62fdf1f143b41e24485cea50d1cbac27 -> 
  custom:video-decoder-ogg-theora: a1e56fd34408186e4bbccfd4996cb3dc -> 
  custom:framework-win-MediaFoundation: 216162199b28c13a410421893ffa2e32 -> 
  custom:CustomObjectIndexerAttribute: 9a22284fe3817be447336de3de66b15e -> 
  custom:container-demuxer-webm: 4f35f7cbe854078d1ac9338744f61a02 -> 
  custom:container-muxer-webm: aa71ff27fc2769a1b78a27578f13a17b -> 
  custom:video-decoder-webm-vp8: 9c59270c3fd7afecdb556c50c9e8de78 -> 
  custom:SearchIndexIgnoredProperties: e643bd26f0fe6173181afceb89e7c659 -> 
  custom:AudioImporter_EditorPlatform: d09bf68614088b80899f8185d706f6e7 -> 
  custom:video-encoder-webm-vp8: eb34c28f22e8b96e1ab97ce403110664 -> 
  custom:audio-decoder-ogg-vorbis: bf7c407c2cedff20999df2af8eb42d56 -> 
  custom:audio-encoder-webm-vorbis: bf7c407c2cedff20999df2af8eb42d56 -> 
========================================================================
Received Import Request.
  Time since last request: 257162.817764 seconds.
  path: Assets/celebrate-season-snow-flurry-pretend-city-children-museum-4.png
  artifactKey: Guid(2fcb2065d5a821f4e8556def6c027387) Importer(815301076,1909f56bfc062723c751e8b465ee728b)
Start importing Assets/celebrate-season-snow-flurry-pretend-city-children-museum-4.png using Guid(2fcb2065d5a821f4e8556def6c027387) Importer(815301076,1909f56bfc062723c751e8b465ee728b)  -> (artifact id: '132b6daffb844445a7ac3061952d1465') in 0.176383 seconds
Number of updated asset objects reloaded before import = 0
Number of asset objects unloaded after import = 2
========================================================================
Received Import Request.
  Time since last request: 0.000104 seconds.
  path: Assets/snowparticle.mat
  artifactKey: Guid(3cf70638321d51d41b8d215348b7d85f) Importer(815301076,1909f56bfc062723c751e8b465ee728b)
Start importing Assets/snowparticle.mat using Guid(3cf70638321d51d41b8d215348b7d85f) Importer(815301076,1909f56bfc062723c751e8b465ee728b)  -> (artifact id: 'a23eab87bc1feebc413f1ac0a1c986bb') in 0.161587 seconds
Number of updated asset objects reloaded before import = 0
Number of asset objects unloaded after import = 2
========================================================================
Received Import Request.
  Time since last request: 0.000067 seconds.
  path: Assets/Tree.prefab
  artifactKey: Guid(9d54fb9caec399a48bb95bf399093e85) Importer(815301076,1909f56bfc062723c751e8b465ee728b)
Start importing Assets/Tree.prefab using Guid(9d54fb9caec399a48bb95bf399093e85) Importer(815301076,1909f56bfc062723c751e8b465ee728b)  -> (artifact id: '0e52f379c8e881a055e080efc68a84ea') in 0.185872 seconds
Number of updated asset objects reloaded before import = 0
Number of asset objects unloaded after import = 15
========================================================================
Received Prepare
Begin MonoManager ReloadAssembly
- Loaded All Assemblies, in  1.213 seconds
Refreshing native plugins compatible for Editor in 10.46 ms, found 3 plugins.
Native extension for WindowsStandalone target not found
Native extension for WebGL target not found
[Package Manager] Server::EnsureServerProcessIsRunning -- launch failed, reason: Unity was launched with the -noUpm command-line argument
[Package Manager] UpmClient::Send -- Unable to send message (not connected to UPM process).
[Package Manager] Cannot connect to Unity Package Manager local server
Mono: successfully reloaded assembly
- Finished resetting the current domain, in  2.657 seconds
Domain Reload Profiling: 3858ms
	BeginReloadAssembly (373ms)
		ExecutionOrderSort (0ms)
		DisableScriptedObjects (11ms)
		BackupInstance (0ms)
		ReleaseScriptingObjects (0ms)
		CreateAndSetChildDomain (86ms)
	RebuildCommonClasses (96ms)
	RebuildNativeTypeToScriptingClass (29ms)
	initialDomainReloadingComplete (88ms)
	LoadAllAssembliesAndSetupDomain (612ms)
		LoadAssemblies (778ms)
		RebuildTransferFunctionScriptingTraits (0ms)
		AnalyzeDomain (36ms)
			TypeCache.Refresh (11ms)
				TypeCache.ScanAssembly (0ms)
			ScanForSourceGeneratedMonoScriptInfo (0ms)
			ResolveRequiredComponents (20ms)
	FinalizeReload (2659ms)
		ReleaseScriptCaches (0ms)
		RebuildScriptCaches (0ms)
		SetupLoadedEditorAssemblies (1145ms)
			LogAssemblyErrors (0ms)
			InitializePlatformSupportModulesInManaged (27ms)
			SetLoadedEditorAssemblies (11ms)
			RefreshPlugins (0ms)
			BeforeProcessingInitializeOnLoad (210ms)
			ProcessInitializeOnLoadAttributes (805ms)
			ProcessInitializeOnLoadMethodAttributes (59ms)
			AfterProcessingInitializeOnLoad (32ms)
			EditorAssembliesLoaded (1ms)
		ExecutionOrderSort2 (0ms)
		AwakeInstancesAfterBackupRestoration (17ms)
Shader 'VRM10/Universal Render Pipeline/MToon10': fallback shader 'Hidden/Universal Render Pipeline/FallbackError' not found
Shader 'VRM10/Universal Render Pipeline/MToon10': fallback shader 'Hidden/Universal Render Pipeline/FallbackError' not found
Refreshing native plugins compatible for Editor in 6.18 ms, found 3 plugins.
Preloading 0 native plugins for Editor in 0.00 ms.
Unloading 3797 Unused Serialized files (Serialized files now loaded: 0)
Unloading 24 unused Assets / (155.2 KB). Loaded Objects now: 4360.
Memory consumption went from 156.4 MB to 156.2 MB.
Total: 6.847400 ms (FindLiveObjects: 1.063300 ms CreateObjectMapping: 0.224200 ms MarkObjects: 5.221400 ms  DeleteObjects: 0.335600 ms)

Prepare: number of updated asset objects reloaded= 0
AssetImportParameters requested are different than current active one (requested -> active):
  custom:container-demuxer-ogg: 62fdf1f143b41e24485cea50d1cbac27 -> 
  custom:video-decoder-ogg-theora: a1e56fd34408186e4bbccfd4996cb3dc -> 
  custom:framework-win-MediaFoundation: 216162199b28c13a410421893ffa2e32 -> 
  custom:CustomObjectIndexerAttribute: 9a22284fe3817be447336de3de66b15e -> 
  custom:container-demuxer-webm: 4f35f7cbe854078d1ac9338744f61a02 -> 
  custom:container-muxer-webm: aa71ff27fc2769a1b78a27578f13a17b -> 
  custom:video-decoder-webm-vp8: 9c59270c3fd7afecdb556c50c9e8de78 -> 
  custom:SearchIndexIgnoredProperties: e643bd26f0fe6173181afceb89e7c659 -> 
  custom:AudioImporter_EditorPlatform: d09bf68614088b80899f8185d706f6e7 -> 
  custom:video-encoder-webm-vp8: eb34c28f22e8b96e1ab97ce403110664 -> 
  custom:audio-decoder-ogg-vorbis: bf7c407c2cedff20999df2af8eb42d56 -> 
  custom:audio-encoder-webm-vorbis: bf7c407c2cedff20999df2af8eb42d56 -> 
========================================================================
Received Import Request.
  Time since last request: 386.831121 seconds.
  path: Assets/Particles/Fire_particle/demo.gif
  artifactKey: Guid(d85be56d9f5667a40a0fb0c99821280a) Importer(815301076,1909f56bfc062723c751e8b465ee728b)
Start importing Assets/Particles/Fire_particle/demo.gif using Guid(d85be56d9f5667a40a0fb0c99821280a) Importer(815301076,1909f56bfc062723c751e8b465ee728b)  -> (artifact id: '2b73e2205e63d7c77c4e2df9bd427fc5') in 0.137884 seconds
Number of updated asset objects reloaded before import = 0
Number of asset objects unloaded after import = 2
========================================================================
Received Import Request.
  Time since last request: 0.000060 seconds.
  path: Assets/Particles/Fire_particle/fire_material.mat
  artifactKey: Guid(d4eed2ace79db3e4ba96d60927578e61) Importer(815301076,1909f56bfc062723c751e8b465ee728b)
Start importing Assets/Particles/Fire_particle/fire_material.mat using Guid(d4eed2ace79db3e4ba96d60927578e61) Importer(815301076,1909f56bfc062723c751e8b465ee728b)  -> (artifact id: '63e32d1ecc6eee008a9625e58ff81dab') in 0.096552 seconds
Number of updated asset objects reloaded before import = 0
Number of asset objects unloaded after import = 2
========================================================================
Received Import Request.
  Time since last request: 1.276378 seconds.
  path: Assets/Particles/Snow_particle/celebrate-season-snow-flurry-pretend-city-children-museum-4.png
  artifactKey: Guid(da11cddad44852e4d9e2073da85b14dd) Importer(815301076,1909f56bfc062723c751e8b465ee728b)
Start importing Assets/Particles/Snow_particle/celebrate-season-snow-flurry-pretend-city-children-museum-4.png using Guid(da11cddad44852e4d9e2073da85b14dd) Importer(815301076,1909f56bfc062723c751e8b465ee728b)  -> (artifact id: 'cc858423fcc09e9839eed7b1c2d244c7') in 0.029969 seconds
Number of updated asset objects reloaded before import = 0
Number of asset objects unloaded after import = 2
========================================================================
Received Import Request.
  Time since last request: 0.000052 seconds.
  path: Assets/Particles/Snow_particle/material_snow.mat
  artifactKey: Guid(58c1c6b8eecd51c47bc49b25a010689c) Importer(815301076,1909f56bfc062723c751e8b465ee728b)
Start importing Assets/Particles/Snow_particle/material_snow.mat using Guid(58c1c6b8eecd51c47bc49b25a010689c) Importer(815301076,1909f56bfc062723c751e8b465ee728b)  -> (artifact id: '1e8ee76af7eda6dd69c970ec2e1980de') in 0.035600 seconds
Number of updated asset objects reloaded before import = 0
Number of asset objects unloaded after import = 2
========================================================================
Received Import Request.
  Time since last request: 14.810323 seconds.
  path: Assets/Particles
  artifactKey: Guid(790b5dc78c581cd4eb24bca3ea116cdc) Importer(815301076,1909f56bfc062723c751e8b465ee728b)
Start importing Assets/Particles using Guid(790b5dc78c581cd4eb24bca3ea116cdc) Importer(815301076,1909f56bfc062723c751e8b465ee728b)  -> (artifact id: 'f305498003125be2298c0545957759b2') in 0.001425 seconds
Number of updated asset objects reloaded before import = 0
Number of asset objects unloaded after import = 0
========================================================================
Received Import Request.
  Time since last request: 61.395927 seconds.
  path: Assets/Particles/particle_fire.prefab
  artifactKey: Guid(fa4285541eadc5f4396927ccea06cb9c) Importer(815301076,1909f56bfc062723c751e8b465ee728b)
Start importing Assets/Particles/particle_fire.prefab using Guid(fa4285541eadc5f4396927ccea06cb9c) Importer(815301076,1909f56bfc062723c751e8b465ee728b)  -> (artifact id: '9b097682e95913c715730aae2aec3503') in 0.058850 seconds
Number of updated asset objects reloaded before import = 0
Number of asset objects unloaded after import = 6
========================================================================
Received Import Request.
  Time since last request: 12.633184 seconds.
  path: Assets/Particles/Fire_particle
  artifactKey: Guid(29ed7d133af95e24a9f21b6f4919bbb7) Importer(815301076,1909f56bfc062723c751e8b465ee728b)
Start importing Assets/Particles/Fire_particle using Guid(29ed7d133af95e24a9f21b6f4919bbb7) Importer(815301076,1909f56bfc062723c751e8b465ee728b)  -> (artifact id: '534297d4aadd4103e3e8a7a2c947f1a0') in 0.002606 seconds
Number of updated asset objects reloaded before import = 0
Number of asset objects unloaded after import = 0
========================================================================
Received Import Request.
  Time since last request: 62.989229 seconds.
  path: Assets/Particles/Fire_particle/particle_fire.prefab
  artifactKey: Guid(fa4285541eadc5f4396927ccea06cb9c) Importer(815301076,1909f56bfc062723c751e8b465ee728b)
Start importing Assets/Particles/Fire_particle/particle_fire.prefab using Guid(fa4285541eadc5f4396927ccea06cb9c) Importer(815301076,1909f56bfc062723c751e8b465ee728b)  -> (artifact id: '6f842094896d4365881ff61fe3e01f68') in 0.025814 seconds
Number of updated asset objects reloaded before import = 0
Number of asset objects unloaded after import = 8
========================================================================
Received Import Request.
  Time since last request: 44.456742 seconds.
  path: Assets/Particles/Fire_particle/particle_fire.prefab
  artifactKey: Guid(fa4285541eadc5f4396927ccea06cb9c) Importer(815301076,1909f56bfc062723c751e8b465ee728b)
Start importing Assets/Particles/Fire_particle/particle_fire.prefab using Guid(fa4285541eadc5f4396927ccea06cb9c) Importer(815301076,1909f56bfc062723c751e8b465ee728b)  -> (artifact id: '359b5873e5c112f7f47b5a350dd340be') in 0.018106 seconds
Number of updated asset objects reloaded before import = 0
Number of asset objects unloaded after import = 8
========================================================================
Received Prepare
Begin MonoManager ReloadAssembly
- Loaded All Assemblies, in  1.498 seconds
Refreshing native plugins compatible for Editor in 10.56 ms, found 3 plugins.
Native extension for WindowsStandalone target not found
Native extension for WebGL target not found
[Package Manager] Server::EnsureServerProcessIsRunning -- launch failed, reason: Unity was launched with the -noUpm command-line argument
[Package Manager] UpmClient::Send -- Unable to send message (not connected to UPM process).
[Package Manager] Cannot connect to Unity Package Manager local server
Mono: successfully reloaded assembly
- Finished resetting the current domain, in  2.852 seconds
Domain Reload Profiling: 4335ms
	BeginReloadAssembly (421ms)
		ExecutionOrderSort (0ms)
		DisableScriptedObjects (12ms)
		BackupInstance (0ms)
		ReleaseScriptingObjects (0ms)
		CreateAndSetChildDomain (105ms)
	RebuildCommonClasses (158ms)
	RebuildNativeTypeToScriptingClass (37ms)
	initialDomainReloadingComplete (100ms)
	LoadAllAssembliesAndSetupDomain (766ms)
		LoadAssemblies (953ms)
		RebuildTransferFunctionScriptingTraits (0ms)
		AnalyzeDomain (44ms)
			TypeCache.Refresh (17ms)
				TypeCache.ScanAssembly (0ms)
			ScanForSourceGeneratedMonoScriptInfo (0ms)
			ResolveRequiredComponents (22ms)
	FinalizeReload (2853ms)
		ReleaseScriptCaches (0ms)
		RebuildScriptCaches (0ms)
		SetupLoadedEditorAssemblies (1067ms)
			LogAssemblyErrors (0ms)
			InitializePlatformSupportModulesInManaged (27ms)
			SetLoadedEditorAssemblies (8ms)
			RefreshPlugins (0ms)
			BeforeProcessingInitializeOnLoad (188ms)
			ProcessInitializeOnLoadAttributes (760ms)
			ProcessInitializeOnLoadMethodAttributes (58ms)
			AfterProcessingInitializeOnLoad (25ms)
			EditorAssembliesLoaded (1ms)
		ExecutionOrderSort2 (0ms)
		AwakeInstancesAfterBackupRestoration (14ms)
Shader 'VRM10/Universal Render Pipeline/MToon10': fallback shader 'Hidden/Universal Render Pipeline/FallbackError' not found
Shader 'VRM10/Universal Render Pipeline/MToon10': fallback shader 'Hidden/Universal Render Pipeline/FallbackError' not found
Refreshing native plugins compatible for Editor in 8.23 ms, found 3 plugins.
Preloading 0 native plugins for Editor in 0.00 ms.
Unloading 3797 Unused Serialized files (Serialized files now loaded: 0)
Unloading 26 unused Assets / (157.2 KB). Loaded Objects now: 4364.
Memory consumption went from 158.4 MB to 158.2 MB.
Total: 17.064100 ms (FindLiveObjects: 1.637800 ms CreateObjectMapping: 0.773800 ms MarkObjects: 13.185700 ms  DeleteObjects: 1.461700 ms)

Prepare: number of updated asset objects reloaded= 0
AssetImportParameters requested are different than current active one (requested -> active):
  custom:container-demuxer-ogg: 62fdf1f143b41e24485cea50d1cbac27 -> 
  custom:video-decoder-ogg-theora: a1e56fd34408186e4bbccfd4996cb3dc -> 
  custom:framework-win-MediaFoundation: 216162199b28c13a410421893ffa2e32 -> 
  custom:CustomObjectIndexerAttribute: 9a22284fe3817be447336de3de66b15e -> 
  custom:container-demuxer-webm: 4f35f7cbe854078d1ac9338744f61a02 -> 
  custom:container-muxer-webm: aa71ff27fc2769a1b78a27578f13a17b -> 
  custom:video-decoder-webm-vp8: 9c59270c3fd7afecdb556c50c9e8de78 -> 
  custom:SearchIndexIgnoredProperties: e643bd26f0fe6173181afceb89e7c659 -> 
  custom:AudioImporter_EditorPlatform: d09bf68614088b80899f8185d706f6e7 -> 
  custom:video-encoder-webm-vp8: eb34c28f22e8b96e1ab97ce403110664 -> 
  custom:audio-decoder-ogg-vorbis: bf7c407c2cedff20999df2af8eb42d56 -> 
  custom:audio-encoder-webm-vorbis: bf7c407c2cedff20999df2af8eb42d56 -> 
========================================================================
Received Prepare
Begin MonoManager ReloadAssembly
- Loaded All Assemblies, in  1.236 seconds
Refreshing native plugins compatible for Editor in 8.82 ms, found 3 plugins.
Native extension for WindowsStandalone target not found
Native extension for WebGL target not found
[Package Manager] Server::EnsureServerProcessIsRunning -- launch failed, reason: Unity was launched with the -noUpm command-line argument
[Package Manager] UpmClient::Send -- Unable to send message (not connected to UPM process).
[Package Manager] Cannot connect to Unity Package Manager local server
Mono: successfully reloaded assembly
- Finished resetting the current domain, in  2.946 seconds
Domain Reload Profiling: 4174ms
	BeginReloadAssembly (388ms)
		ExecutionOrderSort (0ms)
		DisableScriptedObjects (13ms)
		BackupInstance (0ms)
		ReleaseScriptingObjects (0ms)
		CreateAndSetChildDomain (93ms)
	RebuildCommonClasses (87ms)
	RebuildNativeTypeToScriptingClass (25ms)
	initialDomainReloadingComplete (77ms)
	LoadAllAssembliesAndSetupDomain (649ms)
		LoadAssemblies (828ms)
		RebuildTransferFunctionScriptingTraits (0ms)
		AnalyzeDomain (35ms)
			TypeCache.Refresh (14ms)
				TypeCache.ScanAssembly (0ms)
			ScanForSourceGeneratedMonoScriptInfo (0ms)
			ResolveRequiredComponents (17ms)
	FinalizeReload (2948ms)
		ReleaseScriptCaches (0ms)
		RebuildScriptCaches (0ms)
		SetupLoadedEditorAssemblies (1238ms)
			LogAssemblyErrors (0ms)
			InitializePlatformSupportModulesInManaged (30ms)
			SetLoadedEditorAssemblies (13ms)
			RefreshPlugins (0ms)
			BeforeProcessingInitializeOnLoad (207ms)
			ProcessInitializeOnLoadAttributes (838ms)
			ProcessInitializeOnLoadMethodAttributes (124ms)
			AfterProcessingInitializeOnLoad (25ms)
			EditorAssembliesLoaded (1ms)
		ExecutionOrderSort2 (0ms)
		AwakeInstancesAfterBackupRestoration (20ms)
Shader 'VRM10/Universal Render Pipeline/MToon10': fallback shader 'Hidden/Universal Render Pipeline/FallbackError' not found
Shader 'VRM10/Universal Render Pipeline/MToon10': fallback shader 'Hidden/Universal Render Pipeline/FallbackError' not found
Refreshing native plugins compatible for Editor in 6.25 ms, found 3 plugins.
Preloading 0 native plugins for Editor in 0.00 ms.
Unloading 3798 Unused Serialized files (Serialized files now loaded: 0)
Unloading 24 unused Assets / (155.2 KB). Loaded Objects now: 4367.
Memory consumption went from 160.6 MB to 160.4 MB.
Total: 8.367300 ms (FindLiveObjects: 1.139600 ms CreateObjectMapping: 0.294100 ms MarkObjects: 6.431200 ms  DeleteObjects: 0.498400 ms)

Prepare: number of updated asset objects reloaded= 0
AssetImportParameters requested are different than current active one (requested -> active):
  custom:container-demuxer-ogg: 62fdf1f143b41e24485cea50d1cbac27 -> 
  custom:video-decoder-ogg-theora: a1e56fd34408186e4bbccfd4996cb3dc -> 
  custom:framework-win-MediaFoundation: 216162199b28c13a410421893ffa2e32 -> 
  custom:CustomObjectIndexerAttribute: 9a22284fe3817be447336de3de66b15e -> 
  custom:container-demuxer-webm: 4f35f7cbe854078d1ac9338744f61a02 -> 
  custom:container-muxer-webm: aa71ff27fc2769a1b78a27578f13a17b -> 
  custom:video-decoder-webm-vp8: 9c59270c3fd7afecdb556c50c9e8de78 -> 
  custom:SearchIndexIgnoredProperties: e643bd26f0fe6173181afceb89e7c659 -> 
  custom:AudioImporter_EditorPlatform: d09bf68614088b80899f8185d706f6e7 -> 
  custom:video-encoder-webm-vp8: eb34c28f22e8b96e1ab97ce403110664 -> 
  custom:audio-decoder-ogg-vorbis: bf7c407c2cedff20999df2af8eb42d56 -> 
  custom:audio-encoder-webm-vorbis: bf7c407c2cedff20999df2af8eb42d56 -> 
========================================================================
Received Import Request.
  Time since last request: 248.958229 seconds.
  path: Assets/Particles/Snow_particle
  artifactKey: Guid(b59f2fb8a04c3b84db9e86a0edcf890c) Importer(815301076,1909f56bfc062723c751e8b465ee728b)
Start importing Assets/Particles/Snow_particle using Guid(b59f2fb8a04c3b84db9e86a0edcf890c) Importer(815301076,1909f56bfc062723c751e8b465ee728b)  -> (artifact id: 'bbbdd319f04e8a2c3b519bc70c40f94d') in 0.005548 seconds
Number of updated asset objects reloaded before import = 0
Number of asset objects unloaded after import = 0
========================================================================
Received Import Request.
  Time since last request: 2.749625 seconds.
  path: Assets/Particles/Snow_particle/particle snow.prefab
  artifactKey: Guid(f5f7927213e5ef94b89544b206866b3f) Importer(815301076,1909f56bfc062723c751e8b465ee728b)
Start importing Assets/Particles/Snow_particle/particle snow.prefab using Guid(f5f7927213e5ef94b89544b206866b3f) Importer(815301076,1909f56bfc062723c751e8b465ee728b)  -> (artifact id: '2042796ec958fb6b71aa858418a0680b') in 0.185807 seconds
Number of updated asset objects reloaded before import = 0
Number of asset objects unloaded after import = 6
========================================================================
Received Import Request.
  Time since last request: 3.218433 seconds.
  path: Assets/Particles/Snow_particle/particle snow.prefab
  artifactKey: Guid(f5f7927213e5ef94b89544b206866b3f) Importer(815301076,1909f56bfc062723c751e8b465ee728b)
Start importing Assets/Particles/Snow_particle/particle snow.prefab using Guid(f5f7927213e5ef94b89544b206866b3f) Importer(815301076,1909f56bfc062723c751e8b465ee728b)  -> (artifact id: 'f1902e4b7afca4ddc9ee16a5c2b46165') in 0.025178 seconds
Number of updated asset objects reloaded before import = 0
Number of asset objects unloaded after import = 8
========================================================================
Received Prepare
Begin MonoManager ReloadAssembly
- Loaded All Assemblies, in  1.237 seconds
Refreshing native plugins compatible for Editor in 8.35 ms, found 3 plugins.
Native extension for WindowsStandalone target not found
Native extension for WebGL target not found
[Package Manager] Server::EnsureServerProcessIsRunning -- launch failed, reason: Unity was launched with the -noUpm command-line argument
[Package Manager] UpmClient::Send -- Unable to send message (not connected to UPM process).
[Package Manager] Cannot connect to Unity Package Manager local server
Mono: successfully reloaded assembly
- Finished resetting the current domain, in  2.629 seconds
Domain Reload Profiling: 3857ms
	BeginReloadAssembly (400ms)
		ExecutionOrderSort (0ms)
		DisableScriptedObjects (18ms)
		BackupInstance (0ms)
		ReleaseScriptingObjects (0ms)
		CreateAndSetChildDomain (103ms)
	RebuildCommonClasses (88ms)
	RebuildNativeTypeToScriptingClass (32ms)
	initialDomainReloadingComplete (91ms)
	LoadAllAssembliesAndSetupDomain (616ms)
		LoadAssemblies (795ms)
		RebuildTransferFunctionScriptingTraits (0ms)
		AnalyzeDomain (33ms)
			TypeCache.Refresh (13ms)
				TypeCache.ScanAssembly (0ms)
			ScanForSourceGeneratedMonoScriptInfo (0ms)
			ResolveRequiredComponents (17ms)
	FinalizeReload (2630ms)
		ReleaseScriptCaches (0ms)
		RebuildScriptCaches (0ms)
		SetupLoadedEditorAssemblies (1132ms)
			LogAssemblyErrors (0ms)
			InitializePlatformSupportModulesInManaged (27ms)
			SetLoadedEditorAssemblies (13ms)
			RefreshPlugins (0ms)
			BeforeProcessingInitializeOnLoad (216ms)
			ProcessInitializeOnLoadAttributes (787ms)
			ProcessInitializeOnLoadMethodAttributes (57ms)
			AfterProcessingInitializeOnLoad (32ms)
			EditorAssembliesLoaded (1ms)
		ExecutionOrderSort2 (0ms)
		AwakeInstancesAfterBackupRestoration (16ms)
Shader 'VRM10/Universal Render Pipeline/MToon10': fallback shader 'Hidden/Universal Render Pipeline/FallbackError' not found
Shader 'VRM10/Universal Render Pipeline/MToon10': fallback shader 'Hidden/Universal Render Pipeline/FallbackError' not found
Refreshing native plugins compatible for Editor in 10.28 ms, found 3 plugins.
Preloading 0 native plugins for Editor in 0.00 ms.
Unloading 3797 Unused Serialized files (Serialized files now loaded: 0)
Unloading 26 unused Assets / (157.3 KB). Loaded Objects now: 4370.
Memory consumption went from 162.2 MB to 162.1 MB.
Total: 6.546200 ms (FindLiveObjects: 0.701600 ms CreateObjectMapping: 0.172500 ms MarkObjects: 5.195000 ms  DeleteObjects: 0.474400 ms)

Prepare: number of updated asset objects reloaded= 0
AssetImportParameters requested are different than current active one (requested -> active):
  custom:container-demuxer-ogg: 62fdf1f143b41e24485cea50d1cbac27 -> 
  custom:video-decoder-ogg-theora: a1e56fd34408186e4bbccfd4996cb3dc -> 
  custom:framework-win-MediaFoundation: 216162199b28c13a410421893ffa2e32 -> 
  custom:CustomObjectIndexerAttribute: 9a22284fe3817be447336de3de66b15e -> 
  custom:container-demuxer-webm: 4f35f7cbe854078d1ac9338744f61a02 -> 
  custom:container-muxer-webm: aa71ff27fc2769a1b78a27578f13a17b -> 
  custom:video-decoder-webm-vp8: 9c59270c3fd7afecdb556c50c9e8de78 -> 
  custom:SearchIndexIgnoredProperties: e643bd26f0fe6173181afceb89e7c659 -> 
  custom:AudioImporter_EditorPlatform: d09bf68614088b80899f8185d706f6e7 -> 
  custom:video-encoder-webm-vp8: eb34c28f22e8b96e1ab97ce403110664 -> 
  custom:audio-decoder-ogg-vorbis: bf7c407c2cedff20999df2af8eb42d56 -> 
  custom:audio-encoder-webm-vorbis: bf7c407c2cedff20999df2af8eb42d56 -> 
========================================================================
Received Import Request.
  Time since last request: 734.184656 seconds.
  path: Assets/Particles/Snow_particle/particle snow 1.prefab
  artifactKey: Guid(41e545f3a31df564fa89c903f9b0aaf3) Importer(815301076,1909f56bfc062723c751e8b465ee728b)
Start importing Assets/Particles/Snow_particle/particle snow 1.prefab using Guid(41e545f3a31df564fa89c903f9b0aaf3) Importer(815301076,1909f56bfc062723c751e8b465ee728b)  -> (artifact id: '696c8814cebda1f3410931a5d8097fa0') in 0.209282 seconds
Number of updated asset objects reloaded before import = 0
Number of asset objects unloaded after import = 8
========================================================================
Received Import Request.
  Time since last request: 0.000071 seconds.
  path: Assets/Particles/Snow_particle/particle snow.prefab
  artifactKey: Guid(f5f7927213e5ef94b89544b206866b3f) Importer(815301076,1909f56bfc062723c751e8b465ee728b)
Start importing Assets/Particles/Snow_particle/particle snow.prefab using Guid(f5f7927213e5ef94b89544b206866b3f) Importer(815301076,1909f56bfc062723c751e8b465ee728b)  -> (artifact id: '4ed8b4c7a30b02c311c25d45e7424a7c') in 0.027391 seconds
Number of updated asset objects reloaded before import = 0
Number of asset objects unloaded after import = 15
========================================================================
Received Import Request.
  Time since last request: 58.034188 seconds.
  path: Assets/Particles/Snow_particle/Materials
  artifactKey: Guid(4e96805361def5c4f96d171956559252) Importer(815301076,1909f56bfc062723c751e8b465ee728b)
Start importing Assets/Particles/Snow_particle/Materials using Guid(4e96805361def5c4f96d171956559252) Importer(815301076,1909f56bfc062723c751e8b465ee728b)  -> (artifact id: 'b941725cefc7f36aae4aaa3e91912300') in 0.001651 seconds
Number of updated asset objects reloaded before import = 0
Number of asset objects unloaded after import = 0
========================================================================
Received Import Request.
  Time since last request: 0.831453 seconds.
  path: Assets/Particles/Snow_particle/Materials/celebrate-season-snow-flurry-pretend-city-children-museum-4.mat
  artifactKey: Guid(aa7157ddef1c9574a988a6100120fa61) Importer(815301076,1909f56bfc062723c751e8b465ee728b)
Start importing Assets/Particles/Snow_particle/Materials/celebrate-season-snow-flurry-pretend-city-children-museum-4.mat using Guid(aa7157ddef1c9574a988a6100120fa61) Importer(815301076,1909f56bfc062723c751e8b465ee728b)  -> (artifact id: '1ee69ebc7c623bce75839d2ed559b80a') in 0.117637 seconds
Number of updated asset objects reloaded before import = 0
Number of asset objects unloaded after import = 2
========================================================================
Received Import Request.
  Time since last request: 16.047379 seconds.
  path: Assets/Particles/Fire_particle/particle_fire (1) Variant.prefab
  artifactKey: Guid(179bf958c412c954aaa061dbbbf3258f) Importer(815301076,1909f56bfc062723c751e8b465ee728b)
Start importing Assets/Particles/Fire_particle/particle_fire (1) Variant.prefab using Guid(179bf958c412c954aaa061dbbbf3258f) Importer(815301076,1909f56bfc062723c751e8b465ee728b)  -> (artifact id: '40241c831ffa57b5c7de09ebde97f93e') in 0.019814 seconds
Number of updated asset objects reloaded before import = 0
Number of asset objects unloaded after import = 15
